<?xml version="1.0" encoding="UTF-8"?>
<!-- Generated by org.testng.reporters.JUnitReportReporter -->
<testsuite hostname="Manish-Tambe" failures="0" tests="1" name="com.test.org.TestSelenoid" time="15.021" errors="0" timestamp="2023-05-19T14:44:52 IST" skipped="0">
  <testcase classname="com.test.org.TestSelenoid" name="test1" time="15.021"/>
  <system-out/>
</testsuite> <!-- com.test.org.TestSelenoid -->
