<?xml version="1.0" encoding="UTF-8"?>
<!-- Generated by org.testng.reporters.JUnitReportReporter -->
<testsuite hostname="Manish-Tambe" failures="0" tests="1" name="tests.One" time="7.344" errors="0" timestamp="2023-06-07T18:51:00 IST" skipped="0">
  <testcase classname="tests.One" name="testOnChrome" time="7.344"/>
  <system-out/>
</testsuite> <!-- tests.One -->
