<?xml version="1.0" encoding="UTF-8"?>
<!-- Generated by org.testng.reporters.JUnitReportReporter -->
<testsuite hostname="Manish-Tambe" failures="0" tests="1" name="tests.Two" time="15.117" errors="0" timestamp="2023-06-07T18:51:00 IST" skipped="0">
  <testcase classname="tests.Two" name="testOnFireFox" time="15.117"/>
  <system-out/>
</testsuite> <!-- tests.Two -->
